
  .   ____          _            __ _ _
 /\\ / ___'_ __ _ _(_)_ __  __ _ \ \ \ \
( ( )\___ | '_ | '_| | '_ \/ _` | \ \ \ \
 \\/  ___)| |_)| | | | | || (_| |  ) ) ) )
  '  |____| .__|_| |_|_| |_\__, | / / / /
 =========|_|==============|___/=/_/_/_/

 :: Spring Boot ::                (v4.0.0)

2026-02-06T00:57:59.220+01:00  INFO 2682762 --- [platform] [           main] c.tontin.platform.PlatformApplication    : Starting PlatformApplication v0.0.1-SNAPSHOT using Java 21.0.9 with PID 2682762 (/home/happy/Bureau/TonTin/platform-back/target/platform-0.0.1-SNAPSHOT.war started by happy in /home/happy/Bureau/TonTin/platform-back)
2026-02-06T00:57:59.227+01:00  INFO 2682762 --- [platform] [           main] c.tontin.platform.PlatformApplication    : No active profile set, falling back to 1 default profile: "default"
2026-02-06T00:58:00.997+01:00  INFO 2682762 --- [platform] [           main] .s.d.r.c.RepositoryConfigurationDelegate : Bootstrapping Spring Data JPA repositories in DEFAULT mode.
2026-02-06T00:58:01.080+01:00  INFO 2682762 --- [platform] [           main] .s.d.r.c.RepositoryConfigurationDelegate : Finished Spring Data repository scanning in 71 ms. Found 4 JPA repository interfaces.
2026-02-06T00:58:02.556+01:00  INFO 2682762 --- [platform] [           main] o.s.boot.tomcat.TomcatWebServer          : Tomcat initialized with port 8080 (http)
2026-02-06T00:58:02.587+01:00  INFO 2682762 --- [platform] [           main] o.apache.catalina.core.StandardService   : Starting service [Tomcat]
2026-02-06T00:58:02.588+01:00  INFO 2682762 --- [platform] [           main] o.apache.catalina.core.StandardEngine    : Starting Servlet engine: [Apache Tomcat/11.0.14]
2026-02-06T00:58:02.705+01:00  INFO 2682762 --- [platform] [           main] b.w.c.s.WebApplicationContextInitializer : Root WebApplicationContext: initialization completed in 3378 ms
2026-02-06T00:58:03.088+01:00  INFO 2682762 --- [platform] [           main] o.hibernate.jpa.internal.util.LogHelper  : HHH000204: Processing PersistenceUnitInfo [name: default]
2026-02-06T00:58:03.171+01:00  INFO 2682762 --- [platform] [           main] org.hibernate.Version                    : HHH000412: Hibernate ORM core version 7.1.8.Final
2026-02-06T00:58:05.407+01:00  INFO 2682762 --- [platform] [           main] o.s.o.j.p.SpringPersistenceUnitInfo      : No LoadTimeWeaver setup: ignoring JPA class transformer
2026-02-06T00:58:05.446+01:00  INFO 2682762 --- [platform] [           main] com.zaxxer.hikari.HikariDataSource       : HikariPool-1 - Starting...
2026-02-06T00:58:05.901+01:00  INFO 2682762 --- [platform] [           main] com.zaxxer.hikari.pool.HikariPool        : HikariPool-1 - Added connection org.postgresql.jdbc.PgConnection@3e4636c3
2026-02-06T00:58:05.903+01:00  INFO 2682762 --- [platform] [           main] com.zaxxer.hikari.HikariDataSource       : HikariPool-1 - Start completed.
2026-02-06T00:58:05.931+01:00  WARN 2682762 --- [platform] [           main] org.hibernate.orm.deprecation            : HHH90000025: PostgreSQLDialect does not need to be specified explicitly using 'hibernate.dialect' (remove the property setting and it will be selected by default)
2026-02-06T00:58:05.962+01:00  INFO 2682762 --- [platform] [           main] org.hibernate.orm.connections.pooling    : HHH10001005: Database info:
	Database JDBC URL [jdbc:postgresql://localhost:5432/tontin_test]
	Database driver: PostgreSQL JDBC Driver
	Database dialect: PostgreSQLDialect
	Database version: 17.6
	Default catalog/schema: tontin_test/public
	Autocommit mode: undefined/unknown
	Isolation level: READ_COMMITTED [default READ_COMMITTED]
	JDBC fetch size: none
	Pool: DatasourceConnectionProviderImpl
	Minimum pool size: undefined/unknown
	Maximum pool size: undefined/unknown
2026-02-06T00:58:07.210+01:00  INFO 2682762 --- [platform] [           main] o.h.e.t.j.p.i.JtaPlatformInitiator       : HHH000489: No JTA platform available (set 'hibernate.transaction.jta.platform' to enable JTA platform integration)
Hibernate: create table darts (id uuid not null, created_at timestamp(6) not null, updated_at timestamp(6), version bigint, allocation_method varchar(50) not null, monthly_contribution numeric(19,2) not null, name varchar(100) not null, start_date timestamp(6) not null, status varchar(20) not null check ((status in ('PENDING','ACTIVE','FINISHED'))), primary key (id))
Hibernate: create table logs (id uuid not null, env varchar(20) not null, error_message TEXT, event varchar(100) not null, level varchar(20) check ((level in ('TRACE','DEBUG','INFO','WARN','ERROR'))), path varchar(255) not null, request_id varchar(100) not null, service varchar(100) not null, stack_trace TEXT, status varchar(20) not null, timestamp timestamp(6) not null, user_email varchar(100), primary key (id))
Hibernate: create table members (id uuid not null, created_at timestamp(6) not null, updated_at timestamp(6), version bigint, joined_at timestamp(6) not null, permission varchar(20) not null check ((permission in ('ORGANIZER','MEMBER'))), status varchar(20) not null check ((status in ('PENDING','ACTIVE','LEAVED'))), dart_id uuid not null, user_id uuid not null, primary key (id))
Hibernate: create table rounds (id uuid not null, created_at timestamp(6) not null, updated_at timestamp(6), version bigint, amount float(53) not null, round_date timestamp(6) not null, round_number integer not null check ((round_number>=1)), status varchar(20) not null check ((status in ('PAYED','INPAYED'))), dart_id uuid not null, primary key (id))
Hibernate: create table users (id uuid not null, created_at timestamp(6) not null, updated_at timestamp(6), version bigint, account_access_file_count integer not null, creation_date varchar(30) not null, email varchar(100) not null, email_confirmed boolean not null, password varchar(255) not null, picture oid, reset_password_date timestamp(6), role varchar(20) not null check ((role in ('ROLE_ADMIN','ROLE_CLIENT'))), status varchar(20) not null check ((status in ('PENDING','ACTIVE','SUSPENDED','DISABLED','DELETED'))), user_name varchar(50) not null, verification_code varchar(64), primary key (id))
Hibernate: create index idx_logs_timestamp on logs (timestamp)
Hibernate: create index idx_logs_user_email on logs (user_email)
Hibernate: create index idx_logs_event on logs (event)
Hibernate: create index idx_logs_status on logs (status)
Hibernate: create index idx_logs_request_id on logs (request_id)
Hibernate: alter table if exists members drop constraint if exists UKda61ga2jecphdliwvkqyt6sw2
2026-02-06T00:58:07.285+01:00  WARN 2682762 --- [platform] [           main] org.hibernate.orm.jdbc.warn              : HHH000247: ErrorCode: 0, SQLState: 00000
2026-02-06T00:58:07.285+01:00  WARN 2682762 --- [platform] [           main] org.hibernate.orm.jdbc.warn              : la contrainte « ukda61ga2jecphdliwvkqyt6sw2 » de la relation « members » n'existe pas, ignore
Hibernate: alter table if exists members add constraint UKda61ga2jecphdliwvkqyt6sw2 unique (user_id)
Hibernate: alter table if exists users drop constraint if exists UK6dotkott2kjsp8vw4d0m25fb7
2026-02-06T00:58:07.288+01:00  WARN 2682762 --- [platform] [           main] org.hibernate.orm.jdbc.warn              : HHH000247: ErrorCode: 0, SQLState: 00000
2026-02-06T00:58:07.288+01:00  WARN 2682762 --- [platform] [           main] org.hibernate.orm.jdbc.warn              : la contrainte « uk6dotkott2kjsp8vw4d0m25fb7 » de la relation « users » n'existe pas, ignore
Hibernate: alter table if exists users add constraint UK6dotkott2kjsp8vw4d0m25fb7 unique (email)
Hibernate: alter table if exists members add constraint FKjlvivc7vdt8fvxo8a1xru8473 foreign key (dart_id) references darts
Hibernate: alter table if exists members add constraint FKpj3n6wh5muoeakc485whgs3x5 foreign key (user_id) references users
Hibernate: alter table if exists rounds add constraint FKegerx99dignwpaddc6wn1nxwn foreign key (dart_id) references darts
2026-02-06T00:58:07.299+01:00  INFO 2682762 --- [platform] [           main] j.LocalContainerEntityManagerFactoryBean : Initialized JPA EntityManagerFactory for persistence unit 'default'
2026-02-06T00:58:07.412+01:00  INFO 2682762 --- [platform] [           main] o.s.d.j.r.query.QueryEnhancerFactories   : Hibernate is in classpath; If applicable, HQL parser will be used.
2026-02-06T00:58:07.965+01:00  INFO 2682762 --- [platform] [           main] eAuthenticationProviderManagerConfigurer : Global AuthenticationManager configured with AuthenticationProvider bean with name authenticationProvider
2026-02-06T00:58:07.965+01:00  WARN 2682762 --- [platform] [           main] r$InitializeUserDetailsManagerConfigurer : Global AuthenticationManager configured with an AuthenticationProvider bean. UserDetailsService beans will not be used by Spring Security for automatically configuring username/password login. Consider removing the AuthenticationProvider bean. Alternatively, consider using the UserDetailsService in a manually instantiated DaoAuthenticationProvider. If the current configuration is intentional, to turn off this warning, increase the logging level of 'org.springframework.security.config.annotation.authentication.configuration.InitializeUserDetailsBeanManagerConfigurer' to ERROR
2026-02-06T00:58:08.289+01:00  WARN 2682762 --- [platform] [           main] JpaBaseConfiguration$JpaWebConfiguration : spring.jpa.open-in-view is enabled by default. Therefore, database queries may be performed during view rendering. Explicitly configure spring.jpa.open-in-view to disable this warning
2026-02-06T00:58:09.421+01:00  INFO 2682762 --- [platform] [           main] o.s.b.a.e.web.EndpointLinksResolver      : Exposing 2 endpoints beneath base path '/actuator'
2026-02-06T00:58:09.523+01:00  INFO 2682762 --- [platform] [           main] o.s.boot.tomcat.TomcatWebServer          : Tomcat started on port 8080 (http) with context path '/'
2026-02-06T00:58:09.538+01:00  INFO 2682762 --- [platform] [           main] c.tontin.platform.PlatformApplication    : Started PlatformApplication in 10.881 seconds (process running for 11.564)
2026-02-06T00:58:16.588+01:00  INFO 2682762 --- [platform] [nio-8080-exec-2] o.a.c.c.C.[Tomcat].[localhost].[/]       : Initializing Spring DispatcherServlet 'dispatcherServlet'
2026-02-06T00:58:16.588+01:00  INFO 2682762 --- [platform] [nio-8080-exec-2] o.s.web.servlet.DispatcherServlet        : Initializing Servlet 'dispatcherServlet'
2026-02-06T00:58:16.590+01:00  INFO 2682762 --- [platform] [nio-8080-exec-2] o.s.web.servlet.DispatcherServlet        : Completed initialization in 2 ms
2026-02-06T00:58:29.625+01:00  WARN 2682762 --- [platform] [nio-8080-exec-4] c.t.p.c.JwtAuthenticationEntryPoint      : Unauthorized access attempt to: /favicon.ico - Reason: Full authentication is required to access this resource
2026-02-06T00:59:04.544+01:00  INFO 2682762 --- [platform] [nio-8080-exec-7] c.t.platform.controller.AuthController   : Registration attempt for email: test@example.com
V3L4J5cVUtmXoosqSryzwzISBuDMcyy97MG9HXGLwbWaspqKofnevYIXYUGacqck
Hibernate: insert into users (account_access_file_count,created_at,creation_date,email,email_confirmed,password,picture,reset_password_date,role,status,updated_at,user_name,verification_code,version,id) values (?,?,?,?,?,?,?,?,?,?,?,?,?,?,?)
Hibernate: insert into logs (env,error_message,event,level,path,request_id,service,stack_trace,status,timestamp,user_email,id) values (?,?,?,?,?,?,?,?,?,?,?,?)
2026-02-06T00:59:11.831+01:00  INFO 2682762 --- [platform] [nio-8080-exec-7] c.t.platform.controller.AuthController   : User registered successfully with email: test@example.com. Verification email sent.
2026-02-06T00:59:21.566+01:00  INFO 2682762 --- [platform] [nio-8080-exec-9] c.t.platform.controller.AuthController   : Login attempt for email: test@example.com
Hibernate: select u1_0.id,u1_0.account_access_file_count,u1_0.created_at,u1_0.creation_date,u1_0.email,u1_0.email_confirmed,u1_0.password,u1_0.picture,u1_0.reset_password_date,u1_0.role,u1_0.status,u1_0.updated_at,u1_0.user_name,u1_0.verification_code,u1_0.version from users u1_0 where u1_0.email=?
Hibernate: select m1_0.id,m1_0.created_at,m1_0.dart_id,m1_0.joined_at,m1_0.permission,m1_0.status,m1_0.updated_at,m1_0.user_id,m1_0.version from members m1_0 where m1_0.user_id=?
Hibernate: insert into logs (env,error_message,event,level,path,request_id,service,stack_trace,status,timestamp,user_email,id) values (?,?,?,?,?,?,?,?,?,?,?,?)
2026-02-06T00:59:22.079+01:00 ERROR 2682762 --- [platform] [nio-8080-exec-9] c.t.p.Exception.GlobalExceptionHandler   : Unhandled exception processing [/api/v1/auth/login]: User is disabled

org.springframework.security.authentication.DisabledException: User is disabled
	at org.springframework.security.authentication.dao.AbstractUserDetailsAuthenticationProvider$DefaultPreAuthenticationChecks.check(AbstractUserDetailsAuthenticationProvider.java:345) ~[spring-security-core-7.0.0.jar!/:7.0.0]
	at org.springframework.security.authentication.dao.AbstractUserDetailsAuthenticationProvider.authenticate(AbstractUserDetailsAuthenticationProvider.java:157) ~[spring-security-core-7.0.0.jar!/:7.0.0]
	at org.springframework.security.authentication.ProviderManager.authenticate(ProviderManager.java:183) ~[spring-security-core-7.0.0.jar!/:7.0.0]
	at com.tontin.platform.service.impl.AuthServiceImpl.login(AuthServiceImpl.java:45) ~[!/:0.0.1-SNAPSHOT]
	at java.base/jdk.internal.reflect.DirectMethodHandleAccessor.invoke(DirectMethodHandleAccessor.java:103) ~[na:na]
	at java.base/java.lang.reflect.Method.invoke(Method.java:580) ~[na:na]
	at org.springframework.aop.support.AopUtils.invokeJoinpointUsingReflection(AopUtils.java:359) ~[spring-aop-7.0.1.jar!/:7.0.1]
	at org.springframework.aop.framework.ReflectiveMethodInvocation.invokeJoinpoint(ReflectiveMethodInvocation.java:190) ~[spring-aop-7.0.1.jar!/:7.0.1]
	at org.springframework.aop.framework.ReflectiveMethodInvocation.proceed(ReflectiveMethodInvocation.java:158) ~[spring-aop-7.0.1.jar!/:7.0.1]
	at org.springframework.aop.aspectj.MethodInvocationProceedingJoinPoint.proceed(MethodInvocationProceedingJoinPoint.java:85) ~[spring-aop-7.0.1.jar!/:7.0.1]
	at com.tontin.platform.aspect.AuthloggingAspect.logAuthMethods(AuthloggingAspect.java:35) ~[!/:0.0.1-SNAPSHOT]
	at java.base/jdk.internal.reflect.DirectMethodHandleAccessor.invoke(DirectMethodHandleAccessor.java:103) ~[na:na]
	at java.base/java.lang.reflect.Method.invoke(Method.java:580) ~[na:na]
	at org.springframework.aop.aspectj.AbstractAspectJAdvice.invokeAdviceMethodWithGivenArgs(AbstractAspectJAdvice.java:648) ~[spring-aop-7.0.1.jar!/:7.0.1]
	at org.springframework.aop.aspectj.AbstractAspectJAdvice.invokeAdviceMethod(AbstractAspectJAdvice.java:630) ~[spring-aop-7.0.1.jar!/:7.0.1]
	at org.springframework.aop.aspectj.AspectJAroundAdvice.invoke(AspectJAroundAdvice.java:70) ~[spring-aop-7.0.1.jar!/:7.0.1]
	at org.springframework.aop.framework.ReflectiveMethodInvocation.proceed(ReflectiveMethodInvocation.java:179) ~[spring-aop-7.0.1.jar!/:7.0.1]
	at org.springframework.aop.interceptor.ExposeInvocationInterceptor.invoke(ExposeInvocationInterceptor.java:96) ~[spring-aop-7.0.1.jar!/:7.0.1]
	at org.springframework.aop.framework.ReflectiveMethodInvocation.proceed(ReflectiveMethodInvocation.java:179) ~[spring-aop-7.0.1.jar!/:7.0.1]
	at org.springframework.aop.framework.CglibAopProxy$DynamicAdvisedInterceptor.intercept(CglibAopProxy.java:719) ~[spring-aop-7.0.1.jar!/:7.0.1]
	at com.tontin.platform.service.impl.AuthServiceImpl$$SpringCGLIB$$0.login(<generated>) ~[!/:0.0.1-SNAPSHOT]
	at com.tontin.platform.controller.AuthController.login(AuthController.java:106) ~[!/:0.0.1-SNAPSHOT]
	at java.base/jdk.internal.reflect.DirectMethodHandleAccessor.invoke(DirectMethodHandleAccessor.java:103) ~[na:na]
	at java.base/java.lang.reflect.Method.invoke(Method.java:580) ~[na:na]
	at org.springframework.aop.support.AopUtils.invokeJoinpointUsingReflection(AopUtils.java:359) ~[spring-aop-7.0.1.jar!/:7.0.1]
	at org.springframework.aop.framework.ReflectiveMethodInvocation.invokeJoinpoint(ReflectiveMethodInvocation.java:190) ~[spring-aop-7.0.1.jar!/:7.0.1]
	at org.springframework.aop.framework.ReflectiveMethodInvocation.proceed(ReflectiveMethodInvocation.java:158) ~[spring-aop-7.0.1.jar!/:7.0.1]
	at org.springframework.validation.beanvalidation.MethodValidationInterceptor.invoke(MethodValidationInterceptor.java:171) ~[spring-context-7.0.1.jar!/:7.0.1]
	at org.springframework.aop.framework.ReflectiveMethodInvocation.proceed(ReflectiveMethodInvocation.java:179) ~[spring-aop-7.0.1.jar!/:7.0.1]
	at org.springframework.aop.framework.CglibAopProxy$DynamicAdvisedInterceptor.intercept(CglibAopProxy.java:719) ~[spring-aop-7.0.1.jar!/:7.0.1]
	at com.tontin.platform.controller.AuthController$$SpringCGLIB$$0.login(<generated>) ~[!/:0.0.1-SNAPSHOT]
	at java.base/jdk.internal.reflect.DirectMethodHandleAccessor.invoke(DirectMethodHandleAccessor.java:103) ~[na:na]
	at java.base/java.lang.reflect.Method.invoke(Method.java:580) ~[na:na]
	at org.springframework.web.method.support.InvocableHandlerMethod.doInvoke(InvocableHandlerMethod.java:258) ~[spring-web-7.0.1.jar!/:7.0.1]
	at org.springframework.web.method.support.InvocableHandlerMethod.invokeForRequest(InvocableHandlerMethod.java:190) ~[spring-web-7.0.1.jar!/:7.0.1]
	at org.springframework.web.servlet.mvc.method.annotation.ServletInvocableHandlerMethod.invokeAndHandle(ServletInvocableHandlerMethod.java:117) ~[spring-webmvc-7.0.1.jar!/:7.0.1]
	at org.springframework.web.servlet.mvc.method.annotation.RequestMappingHandlerAdapter.invokeHandlerMethod(RequestMappingHandlerAdapter.java:934) ~[spring-webmvc-7.0.1.jar!/:7.0.1]
	at org.springframework.web.servlet.mvc.method.annotation.RequestMappingHandlerAdapter.handleInternal(RequestMappingHandlerAdapter.java:853) ~[spring-webmvc-7.0.1.jar!/:7.0.1]
	at org.springframework.web.servlet.mvc.method.AbstractHandlerMethodAdapter.handle(AbstractHandlerMethodAdapter.java:86) ~[spring-webmvc-7.0.1.jar!/:7.0.1]
	at org.springframework.web.servlet.DispatcherServlet.doDispatch(DispatcherServlet.java:963) ~[spring-webmvc-7.0.1.jar!/:7.0.1]
	at org.springframework.web.servlet.DispatcherServlet.doService(DispatcherServlet.java:866) ~[spring-webmvc-7.0.1.jar!/:7.0.1]
	at org.springframework.web.servlet.FrameworkServlet.processRequest(FrameworkServlet.java:1003) ~[spring-webmvc-7.0.1.jar!/:7.0.1]
	at org.springframework.web.servlet.FrameworkServlet.doPost(FrameworkServlet.java:903) ~[spring-webmvc-7.0.1.jar!/:7.0.1]
	at jakarta.servlet.http.HttpServlet.service(HttpServlet.java:649) ~[tomcat-embed-core-11.0.14.jar!/:na]
	at org.springframework.web.servlet.FrameworkServlet.service(FrameworkServlet.java:874) ~[spring-webmvc-7.0.1.jar!/:7.0.1]
	at jakarta.servlet.http.HttpServlet.service(HttpServlet.java:710) ~[tomcat-embed-core-11.0.14.jar!/:na]
	at org.apache.catalina.core.ApplicationFilterChain.doFilter(ApplicationFilterChain.java:128) ~[tomcat-embed-core-11.0.14.jar!/:na]
	at org.apache.tomcat.websocket.server.WsFilter.doFilter(WsFilter.java:53) ~[tomcat-embed-websocket-11.0.14.jar!/:na]
	at org.apache.catalina.core.ApplicationFilterChain.doFilter(ApplicationFilterChain.java:107) ~[tomcat-embed-core-11.0.14.jar!/:na]
	at org.springframework.web.filter.OncePerRequestFilter.doFilter(OncePerRequestFilter.java:101) ~[spring-web-7.0.1.jar!/:7.0.1]
	at org.apache.catalina.core.ApplicationFilterChain.doFilter(ApplicationFilterChain.java:107) ~[tomcat-embed-core-11.0.14.jar!/:na]
	at org.springframework.web.filter.CompositeFilter$VirtualFilterChain.doFilter(CompositeFilter.java:108) ~[spring-web-7.0.1.jar!/:7.0.1]
	at org.springframework.security.web.FilterChainProxy.lambda$doFilterInternal$3(FilterChainProxy.java:235) ~[spring-security-web-7.0.0.jar!/:7.0.0]
	at org.springframework.security.web.ObservationFilterChainDecorator$FilterObservation$SimpleFilterObservation.lambda$wrap$1(ObservationFilterChainDecorator.java:493) ~[spring-security-web-7.0.0.jar!/:7.0.0]
	at org.springframework.security.web.ObservationFilterChainDecorator$AroundFilterObservation$SimpleAroundFilterObservation.lambda$wrap$1(ObservationFilterChainDecorator.java:354) ~[spring-security-web-7.0.0.jar!/:7.0.0]
	at org.springframework.security.web.ObservationFilterChainDecorator.lambda$wrapSecured$0(ObservationFilterChainDecorator.java:86) ~[spring-security-web-7.0.0.jar!/:7.0.0]
	at org.springframework.security.web.ObservationFilterChainDecorator$VirtualFilterChain.doFilter(ObservationFilterChainDecorator.java:132) ~[spring-security-web-7.0.0.jar!/:7.0.0]
	at org.springframework.security.web.access.intercept.AuthorizationFilter.doFilter(AuthorizationFilter.java:101) ~[spring-security-web-7.0.0.jar!/:7.0.0]
	at org.springframework.security.web.ObservationFilterChainDecorator$ObservationFilter.wrapFilter(ObservationFilterChainDecorator.java:244) ~[spring-security-web-7.0.0.jar!/:7.0.0]
	at org.springframework.security.web.ObservationFilterChainDecorator$ObservationFilter.doFilter(ObservationFilterChainDecorator.java:231) ~[spring-security-web-7.0.0.jar!/:7.0.0]
	at org.springframework.security.web.ObservationFilterChainDecorator$VirtualFilterChain.doFilter(ObservationFilterChainDecorator.java:141) ~[spring-security-web-7.0.0.jar!/:7.0.0]
	at org.springframework.security.web.access.ExceptionTranslationFilter.doFilter(ExceptionTranslationFilter.java:126) ~[spring-security-web-7.0.0.jar!/:7.0.0]
	at org.springframework.security.web.access.ExceptionTranslationFilter.doFilter(ExceptionTranslationFilter.java:120) ~[spring-security-web-7.0.0.jar!/:7.0.0]
	at org.springframework.security.web.ObservationFilterChainDecorator$ObservationFilter.wrapFilter(ObservationFilterChainDecorator.java:244) ~[spring-security-web-7.0.0.jar!/:7.0.0]
	at org.springframework.security.web.ObservationFilterChainDecorator$ObservationFilter.doFilter(ObservationFilterChainDecorator.java:231) ~[spring-security-web-7.0.0.jar!/:7.0.0]
	at org.springframework.security.web.ObservationFilterChainDecorator$VirtualFilterChain.doFilter(ObservationFilterChainDecorator.java:141) ~[spring-security-web-7.0.0.jar!/:7.0.0]
	at org.springframework.security.web.session.SessionManagementFilter.doFilter(SessionManagementFilter.java:132) ~[spring-security-web-7.0.0.jar!/:7.0.0]
	at org.springframework.security.web.session.SessionManagementFilter.doFilter(SessionManagementFilter.java:86) ~[spring-security-web-7.0.0.jar!/:7.0.0]
	at org.springframework.security.web.ObservationFilterChainDecorator$ObservationFilter.wrapFilter(ObservationFilterChainDecorator.java:244) ~[spring-security-web-7.0.0.jar!/:7.0.0]
	at org.springframework.security.web.ObservationFilterChainDecorator$ObservationFilter.doFilter(ObservationFilterChainDecorator.java:231) ~[spring-security-web-7.0.0.jar!/:7.0.0]
	at org.springframework.security.web.ObservationFilterChainDecorator$VirtualFilterChain.doFilter(ObservationFilterChainDecorator.java:141) ~[spring-security-web-7.0.0.jar!/:7.0.0]
	at org.springframework.security.web.authentication.AnonymousAuthenticationFilter.doFilter(AnonymousAuthenticationFilter.java:100) ~[spring-security-web-7.0.0.jar!/:7.0.0]
	at org.springframework.security.web.ObservationFilterChainDecorator$ObservationFilter.wrapFilter(ObservationFilterChainDecorator.java:244) ~[spring-security-web-7.0.0.jar!/:7.0.0]
	at org.springframework.security.web.ObservationFilterChainDecorator$ObservationFilter.doFilter(ObservationFilterChainDecorator.java:231) ~[spring-security-web-7.0.0.jar!/:7.0.0]
	at org.springframework.security.web.ObservationFilterChainDecorator$VirtualFilterChain.doFilter(ObservationFilterChainDecorator.java:141) ~[spring-security-web-7.0.0.jar!/:7.0.0]
	at org.springframework.security.web.servletapi.SecurityContextHolderAwareRequestFilter.doFilter(SecurityContextHolderAwareRequestFilter.java:181) ~[spring-security-web-7.0.0.jar!/:7.0.0]
	at org.springframework.security.web.ObservationFilterChainDecorator$ObservationFilter.wrapFilter(ObservationFilterChainDecorator.java:244) ~[spring-security-web-7.0.0.jar!/:7.0.0]
	at org.springframework.security.web.ObservationFilterChainDecorator$ObservationFilter.doFilter(ObservationFilterChainDecorator.java:231) ~[spring-security-web-7.0.0.jar!/:7.0.0]
	at org.springframework.security.web.ObservationFilterChainDecorator$VirtualFilterChain.doFilter(ObservationFilterChainDecorator.java:141) ~[spring-security-web-7.0.0.jar!/:7.0.0]
	at org.springframework.security.web.savedrequest.RequestCacheAwareFilter.doFilter(RequestCacheAwareFilter.java:63) ~[spring-security-web-7.0.0.jar!/:7.0.0]
	at org.springframework.security.web.ObservationFilterChainDecorator$ObservationFilter.wrapFilter(ObservationFilterChainDecorator.java:244) ~[spring-security-web-7.0.0.jar!/:7.0.0]
	at org.springframework.security.web.ObservationFilterChainDecorator$ObservationFilter.doFilter(ObservationFilterChainDecorator.java:231) ~[spring-security-web-7.0.0.jar!/:7.0.0]
	at org.springframework.security.web.ObservationFilterChainDecorator$VirtualFilterChain.doFilter(ObservationFilterChainDecorator.java:141) ~[spring-security-web-7.0.0.jar!/:7.0.0]
	at org.springframework.web.filter.OncePerRequestFilter.doFilter(OncePerRequestFilter.java:101) ~[spring-web-7.0.1.jar!/:7.0.1]
	at org.springframework.security.web.ObservationFilterChainDecorator$ObservationFilter.wrapFilter(ObservationFilterChainDecorator.java:244) ~[spring-security-web-7.0.0.jar!/:7.0.0]
	at org.springframework.security.web.ObservationFilterChainDecorator$ObservationFilter.doFilter(ObservationFilterChainDecorator.java:231) ~[spring-security-web-7.0.0.jar!/:7.0.0]
	at org.springframework.security.web.ObservationFilterChainDecorator$VirtualFilterChain.doFilter(ObservationFilterChainDecorator.java:141) ~[spring-security-web-7.0.0.jar!/:7.0.0]
	at org.springframework.security.web.authentication.logout.LogoutFilter.doFilter(LogoutFilter.java:110) ~[spring-security-web-7.0.0.jar!/:7.0.0]
	at org.springframework.security.web.authentication.logout.LogoutFilter.doFilter(LogoutFilter.java:96) ~[spring-security-web-7.0.0.jar!/:7.0.0]
	at org.springframework.security.web.ObservationFilterChainDecorator$ObservationFilter.wrapFilter(ObservationFilterChainDecorator.java:244) ~[spring-security-web-7.0.0.jar!/:7.0.0]
	at org.springframework.security.web.ObservationFilterChainDecorator$ObservationFilter.doFilter(ObservationFilterChainDecorator.java:231) ~[spring-security-web-7.0.0.jar!/:7.0.0]
	at org.springframework.security.web.ObservationFilterChainDecorator$VirtualFilterChain.doFilter(ObservationFilterChainDecorator.java:141) ~[spring-security-web-7.0.0.jar!/:7.0.0]
	at org.springframework.web.filter.CorsFilter.doFilterInternal(CorsFilter.java:91) ~[spring-web-7.0.1.jar!/:7.0.1]
	at org.springframework.web.filter.OncePerRequestFilter.doFilter(OncePerRequestFilter.java:116) ~[spring-web-7.0.1.jar!/:7.0.1]
	at org.springframework.security.web.ObservationFilterChainDecorator$ObservationFilter.wrapFilter(ObservationFilterChainDecorator.java:244) ~[spring-security-web-7.0.0.jar!/:7.0.0]
	at org.springframework.security.web.ObservationFilterChainDecorator$ObservationFilter.doFilter(ObservationFilterChainDecorator.java:231) ~[spring-security-web-7.0.0.jar!/:7.0.0]
	at org.springframework.security.web.ObservationFilterChainDecorator$VirtualFilterChain.doFilter(ObservationFilterChainDecorator.java:141) ~[spring-security-web-7.0.0.jar!/:7.0.0]
	at org.springframework.security.web.header.HeaderWriterFilter.doHeadersAfter(HeaderWriterFilter.java:90) ~[spring-security-web-7.0.0.jar!/:7.0.0]
	at org.springframework.security.web.header.HeaderWriterFilter.doFilterInternal(HeaderWriterFilter.java:75) ~[spring-security-web-7.0.0.jar!/:7.0.0]
	at org.springframework.web.filter.OncePerRequestFilter.doFilter(OncePerRequestFilter.java:116) ~[spring-web-7.0.1.jar!/:7.0.1]
	at org.springframework.security.web.ObservationFilterChainDecorator$ObservationFilter.wrapFilter(ObservationFilterChainDecorator.java:244) ~[spring-security-web-7.0.0.jar!/:7.0.0]
	at org.springframework.security.web.ObservationFilterChainDecorator$ObservationFilter.doFilter(ObservationFilterChainDecorator.java:231) ~[spring-security-web-7.0.0.jar!/:7.0.0]
	at org.springframework.security.web.ObservationFilterChainDecorator$VirtualFilterChain.doFilter(ObservationFilterChainDecorator.java:141) ~[spring-security-web-7.0.0.jar!/:7.0.0]
	at org.springframework.security.web.context.SecurityContextHolderFilter.doFilter(SecurityContextHolderFilter.java:82) ~[spring-security-web-7.0.0.jar!/:7.0.0]
	at org.springframework.security.web.context.SecurityContextHolderFilter.doFilter(SecurityContextHolderFilter.java:69) ~[spring-security-web-7.0.0.jar!/:7.0.0]
	at org.springframework.security.web.ObservationFilterChainDecorator$ObservationFilter.wrapFilter(ObservationFilterChainDecorator.java:244) ~[spring-security-web-7.0.0.jar!/:7.0.0]
	at org.springframework.security.web.ObservationFilterChainDecorator$ObservationFilter.doFilter(ObservationFilterChainDecorator.java:231) ~[spring-security-web-7.0.0.jar!/:7.0.0]
	at org.springframework.security.web.ObservationFilterChainDecorator$VirtualFilterChain.doFilter(ObservationFilterChainDecorator.java:141) ~[spring-security-web-7.0.0.jar!/:7.0.0]
	at org.springframework.security.web.context.request.async.WebAsyncManagerIntegrationFilter.doFilterInternal(WebAsyncManagerIntegrationFilter.java:62) ~[spring-security-web-7.0.0.jar!/:7.0.0]
	at org.springframework.web.filter.OncePerRequestFilter.doFilter(OncePerRequestFilter.java:116) ~[spring-web-7.0.1.jar!/:7.0.1]
	at org.springframework.security.web.ObservationFilterChainDecorator$ObservationFilter.wrapFilter(ObservationFilterChainDecorator.java:244) ~[spring-security-web-7.0.0.jar!/:7.0.0]
	at org.springframework.security.web.ObservationFilterChainDecorator$ObservationFilter.doFilter(ObservationFilterChainDecorator.java:231) ~[spring-security-web-7.0.0.jar!/:7.0.0]
	at org.springframework.security.web.ObservationFilterChainDecorator$VirtualFilterChain.doFilter(ObservationFilterChainDecorator.java:141) ~[spring-security-web-7.0.0.jar!/:7.0.0]
	at org.springframework.security.web.session.DisableEncodeUrlFilter.doFilterInternal(DisableEncodeUrlFilter.java:42) ~[spring-security-web-7.0.0.jar!/:7.0.0]
	at org.springframework.web.filter.OncePerRequestFilter.doFilter(OncePerRequestFilter.java:116) ~[spring-web-7.0.1.jar!/:7.0.1]
	at org.springframework.security.web.ObservationFilterChainDecorator$ObservationFilter.wrapFilter(ObservationFilterChainDecorator.java:244) ~[spring-security-web-7.0.0.jar!/:7.0.0]
	at org.springframework.security.web.ObservationFilterChainDecorator$AroundFilterObservation$SimpleAroundFilterObservation.lambda$wrap$0(ObservationFilterChainDecorator.java:337) ~[spring-security-web-7.0.0.jar!/:7.0.0]
	at org.springframework.security.web.ObservationFilterChainDecorator$ObservationFilter.doFilter(ObservationFilterChainDecorator.java:228) ~[spring-security-web-7.0.0.jar!/:7.0.0]
	at org.springframework.security.web.ObservationFilterChainDecorator$VirtualFilterChain.doFilter(ObservationFilterChainDecorator.java:141) ~[spring-security-web-7.0.0.jar!/:7.0.0]
	at org.springframework.security.web.FilterChainProxy.doFilterInternal(FilterChainProxy.java:237) ~[spring-security-web-7.0.0.jar!/:7.0.0]
	at org.springframework.security.web.FilterChainProxy.doFilter(FilterChainProxy.java:195) ~[spring-security-web-7.0.0.jar!/:7.0.0]
	at org.springframework.web.filter.CompositeFilter$VirtualFilterChain.doFilter(CompositeFilter.java:113) ~[spring-web-7.0.1.jar!/:7.0.1]
	at org.springframework.web.filter.ServletRequestPathFilter.doFilter(ServletRequestPathFilter.java:52) ~[spring-web-7.0.1.jar!/:7.0.1]
	at org.springframework.web.filter.CompositeFilter$VirtualFilterChain.doFilter(CompositeFilter.java:113) ~[spring-web-7.0.1.jar!/:7.0.1]
	at org.springframework.web.filter.CompositeFilter.doFilter(CompositeFilter.java:74) ~[spring-web-7.0.1.jar!/:7.0.1]
	at org.springframework.security.config.annotation.web.configuration.WebSecurityConfiguration$CompositeFilterChainProxy.doFilter(WebSecurityConfiguration.java:317) ~[spring-security-config-7.0.0.jar!/:7.0.0]
	at org.springframework.web.filter.DelegatingFilterProxy.invokeDelegate(DelegatingFilterProxy.java:355) ~[spring-web-7.0.1.jar!/:7.0.1]
	at org.springframework.web.filter.DelegatingFilterProxy.doFilter(DelegatingFilterProxy.java:272) ~[spring-web-7.0.1.jar!/:7.0.1]
	at org.apache.catalina.core.ApplicationFilterChain.doFilter(ApplicationFilterChain.java:107) ~[tomcat-embed-core-11.0.14.jar!/:na]
	at org.springframework.web.filter.RequestContextFilter.doFilterInternal(RequestContextFilter.java:100) ~[spring-web-7.0.1.jar!/:7.0.1]
	at org.springframework.web.filter.OncePerRequestFilter.doFilter(OncePerRequestFilter.java:116) ~[spring-web-7.0.1.jar!/:7.0.1]
	at org.apache.catalina.core.ApplicationFilterChain.doFilter(ApplicationFilterChain.java:107) ~[tomcat-embed-core-11.0.14.jar!/:na]
	at org.springframework.web.filter.FormContentFilter.doFilterInternal(FormContentFilter.java:93) ~[spring-web-7.0.1.jar!/:7.0.1]
	at org.springframework.web.filter.OncePerRequestFilter.doFilter(OncePerRequestFilter.java:116) ~[spring-web-7.0.1.jar!/:7.0.1]
	at org.apache.catalina.core.ApplicationFilterChain.doFilter(ApplicationFilterChain.java:107) ~[tomcat-embed-core-11.0.14.jar!/:na]
	at org.springframework.web.filter.ServerHttpObservationFilter.doFilterInternal(ServerHttpObservationFilter.java:110) ~[spring-web-7.0.1.jar!/:7.0.1]
	at org.springframework.web.filter.OncePerRequestFilter.doFilter(OncePerRequestFilter.java:116) ~[spring-web-7.0.1.jar!/:7.0.1]
	at org.apache.catalina.core.ApplicationFilterChain.doFilter(ApplicationFilterChain.java:107) ~[tomcat-embed-core-11.0.14.jar!/:na]
	at org.springframework.web.filter.CharacterEncodingFilter.doFilterInternal(CharacterEncodingFilter.java:199) ~[spring-web-7.0.1.jar!/:7.0.1]
	at org.springframework.web.filter.OncePerRequestFilter.doFilter(OncePerRequestFilter.java:116) ~[spring-web-7.0.1.jar!/:7.0.1]
	at org.apache.catalina.core.ApplicationFilterChain.doFilter(ApplicationFilterChain.java:107) ~[tomcat-embed-core-11.0.14.jar!/:na]
	at org.apache.catalina.core.StandardWrapperValve.invoke(StandardWrapperValve.java:165) ~[tomcat-embed-core-11.0.14.jar!/:na]
	at org.apache.catalina.core.StandardContextValve.invoke(StandardContextValve.java:77) ~[tomcat-embed-core-11.0.14.jar!/:na]
	at org.apache.catalina.authenticator.AuthenticatorBase.invoke(AuthenticatorBase.java:482) ~[tomcat-embed-core-11.0.14.jar!/:na]
	at org.apache.catalina.core.StandardHostValve.invoke(StandardHostValve.java:113) ~[tomcat-embed-core-11.0.14.jar!/:na]
	at org.apache.catalina.valves.ErrorReportValve.invoke(ErrorReportValve.java:83) ~[tomcat-embed-core-11.0.14.jar!/:na]
	at org.apache.catalina.core.StandardEngineValve.invoke(StandardEngineValve.java:72) ~[tomcat-embed-core-11.0.14.jar!/:na]
	at org.apache.catalina.connector.CoyoteAdapter.service(CoyoteAdapter.java:341) ~[tomcat-embed-core-11.0.14.jar!/:na]
	at org.apache.coyote.http11.Http11Processor.service(Http11Processor.java:397) ~[tomcat-embed-core-11.0.14.jar!/:na]
	at org.apache.coyote.AbstractProcessorLight.process(AbstractProcessorLight.java:63) ~[tomcat-embed-core-11.0.14.jar!/:na]
	at org.apache.coyote.AbstractProtocol$ConnectionHandler.process(AbstractProtocol.java:903) ~[tomcat-embed-core-11.0.14.jar!/:na]
	at org.apache.tomcat.util.net.NioEndpoint$SocketProcessor.doRun(NioEndpoint.java:1778) ~[tomcat-embed-core-11.0.14.jar!/:na]
	at org.apache.tomcat.util.net.SocketProcessorBase.run(SocketProcessorBase.java:52) ~[tomcat-embed-core-11.0.14.jar!/:na]
	at org.apache.tomcat.util.threads.ThreadPoolExecutor.runWorker(ThreadPoolExecutor.java:946) ~[tomcat-embed-core-11.0.14.jar!/:na]
	at org.apache.tomcat.util.threads.ThreadPoolExecutor$Worker.run(ThreadPoolExecutor.java:480) ~[tomcat-embed-core-11.0.14.jar!/:na]
	at org.apache.tomcat.util.threads.TaskThread$WrappingRunnable.run(TaskThread.java:57) ~[tomcat-embed-core-11.0.14.jar!/:na]
	at java.base/java.lang.Thread.run(Thread.java:1583) ~[na:na]

2026-02-06T00:59:50.025+01:00  INFO 2682762 --- [platform] [nio-8080-exec-1] c.t.platform.controller.AuthController   : Registration attempt for email: ibaoud46@gmail.com
BnBfyZVKHXPJ9f8P0ldeXdSVZVWhvgrY6hQp8LBL2nZw2hYmQz6xQ5vEOMSb6f1X
Hibernate: insert into users (account_access_file_count,created_at,creation_date,email,email_confirmed,password,picture,reset_password_date,role,status,updated_at,user_name,verification_code,version,id) values (?,?,?,?,?,?,?,?,?,?,?,?,?,?,?)
Hibernate: insert into logs (env,error_message,event,level,path,request_id,service,stack_trace,status,timestamp,user_email,id) values (?,?,?,?,?,?,?,?,?,?,?,?)
2026-02-06T00:59:52.056+01:00  INFO 2682762 --- [platform] [nio-8080-exec-1] c.t.platform.controller.AuthController   : User registered successfully with email: ibaoud46@gmail.com. Verification email sent.
2026-02-06T01:00:36.078+01:00  INFO 2682762 --- [platform] [nio-8080-exec-3] c.t.platform.controller.AuthController   : Email verification attempt with code: BnBfyZVKHXPJ9f8P0ldeXdSVZVWhvgrY6hQp8LBL2nZw2hYmQz6xQ5vEOMSb6f1X
Hibernate: select u1_0.id,u1_0.account_access_file_count,u1_0.created_at,u1_0.creation_date,u1_0.email,u1_0.email_confirmed,u1_0.password,u1_0.picture,u1_0.reset_password_date,u1_0.role,u1_0.status,u1_0.updated_at,u1_0.user_name,u1_0.verification_code,u1_0.version from users u1_0 where u1_0.verification_code=?
Hibernate: select m1_0.id,m1_0.created_at,m1_0.dart_id,m1_0.joined_at,m1_0.permission,m1_0.status,m1_0.updated_at,m1_0.user_id,m1_0.version from members m1_0 where m1_0.user_id=?
Hibernate: update users set account_access_file_count=?,creation_date=?,email=?,email_confirmed=?,password=?,picture=?,reset_password_date=?,role=?,status=?,updated_at=?,user_name=?,verification_code=?,version=? where id=? and version=?
Hibernate: insert into logs (env,error_message,event,level,path,request_id,service,stack_trace,status,timestamp,user_email,id) values (?,?,?,?,?,?,?,?,?,?,?,?)
2026-02-06T01:00:36.105+01:00  INFO 2682762 --- [platform] [nio-8080-exec-3] c.t.platform.controller.AuthController   : Email verification successful for code: BnBfyZVKHXPJ9f8P0ldeXdSVZVWhvgrY6hQp8LBL2nZw2hYmQz6xQ5vEOMSb6f1X
2026-02-06T01:00:36.247+01:00  WARN 2682762 --- [platform] [nio-8080-exec-4] c.t.p.c.JwtAuthenticationEntryPoint      : Unauthorized access attempt to: /favicon.ico - Reason: Full authentication is required to access this resource
2026-02-06T01:01:08.417+01:00  INFO 2682762 --- [platform] [nio-8080-exec-6] c.t.platform.controller.AuthController   : Login attempt for email: ibaoud46@gmail.com
Hibernate: select u1_0.id,u1_0.account_access_file_count,u1_0.created_at,u1_0.creation_date,u1_0.email,u1_0.email_confirmed,u1_0.password,u1_0.picture,u1_0.reset_password_date,u1_0.role,u1_0.status,u1_0.updated_at,u1_0.user_name,u1_0.verification_code,u1_0.version from users u1_0 where u1_0.email=?
Hibernate: select m1_0.id,m1_0.created_at,m1_0.dart_id,m1_0.joined_at,m1_0.permission,m1_0.status,m1_0.updated_at,m1_0.user_id,m1_0.version from members m1_0 where m1_0.user_id=?
Hibernate: select u1_0.id,u1_0.account_access_file_count,u1_0.created_at,u1_0.creation_date,u1_0.email,u1_0.email_confirmed,u1_0.password,u1_0.picture,u1_0.reset_password_date,u1_0.role,u1_0.status,u1_0.updated_at,u1_0.user_name,u1_0.verification_code,u1_0.version from users u1_0 where u1_0.email=?
Hibernate: insert into logs (env,error_message,event,level,path,request_id,service,stack_trace,status,timestamp,user_email,id) values (?,?,?,?,?,?,?,?,?,?,?,?)
2026-02-06T01:01:08.595+01:00  INFO 2682762 --- [platform] [nio-8080-exec-6] c.t.platform.controller.AuthController   : Login successful for email: ibaoud46@gmail.com
2026-02-06T09:36:52.844+01:00  WARN 2682762 --- [platform] [nio-8080-exec-3] c.t.p.c.JwtAuthenticationEntryPoint      : Unauthorized access attempt to: /dashboard - Reason: Full authentication is required to access this resource
2026-02-06T09:36:52.997+01:00  WARN 2682762 --- [platform] [nio-8080-exec-4] c.t.p.c.JwtAuthenticationEntryPoint      : Unauthorized access attempt to: /favicon.ico - Reason: Full authentication is required to access this resource
2026-02-06T09:37:04.743+01:00  WARN 2682762 --- [platform] [nio-8080-exec-5] c.t.p.c.JwtAuthenticationEntryPoint      : Unauthorized access attempt to: /auth - Reason: Full authentication is required to access this resource
2026-02-06T09:37:04.796+01:00  WARN 2682762 --- [platform] [nio-8080-exec-6] c.t.p.c.JwtAuthenticationEntryPoint      : Unauthorized access attempt to: /favicon.ico - Reason: Full authentication is required to access this resource
2026-02-06T09:37:13.188+01:00  WARN 2682762 --- [platform] [nio-8080-exec-7] c.t.p.c.JwtAuthenticationEntryPoint      : Unauthorized access attempt to: /auth/register - Reason: Full authentication is required to access this resource
2026-02-06T09:37:13.242+01:00  WARN 2682762 --- [platform] [nio-8080-exec-8] c.t.p.c.JwtAuthenticationEntryPoint      : Unauthorized access attempt to: /favicon.ico - Reason: Full authentication is required to access this resource
2026-02-06T09:40:02.789+01:00  INFO 2682762 --- [platform] [nio-8080-exec-7] o.springdoc.api.AbstractOpenApiResource  : Init duration for springdoc-openapi is: 1471 ms
2026-02-06T09:42:46.577+01:00  WARN 2682762 --- [platform] [nio-8080-exec-7] c.t.p.c.JwtAuthenticationEntryPoint      : Unauthorized access attempt to: /auth/register - Reason: Full authentication is required to access this resource
2026-02-06T09:42:46.632+01:00  WARN 2682762 --- [platform] [nio-8080-exec-1] c.t.p.c.JwtAuthenticationEntryPoint      : Unauthorized access attempt to: /favicon.ico - Reason: Full authentication is required to access this resource
